<?xml version="1.0" encoding="utf-8"?><testsuites name="pytest tests"><testsuite name="pytest" errors="0" failures="0" skipped="0" tests="16" time="4.545" timestamp="2026-04-12T19:44:44.898364+00:00" hostname="agent-env-e6700dec-990e-4b70-bb4d-14e0138a56ba"><testcase classname="tests.test_calendly_admin.TestHealthCheck" name="test_api_root" time="0.252" /><testcase classname="tests.test_calendly_admin.TestAdminAuth" name="test_admin_login_success" time="0.141" /><testcase classname="tests.test_calendly_admin.TestAdminAuth" name="test_admin_login_invalid_credentials" time="0.127" /><testcase classname="tests.test_calendly_admin.TestAdminAuth" name="test_admin_login_invalid_username" time="0.104" /><testcase classname="tests.test_calendly_admin.TestCalendlyWebhook" name="test_webhook_invitee_created" time="0.146" /><testcase classname="tests.test_calendly_admin.TestCalendlyWebhook" name="test_webhook_invitee_canceled" time="0.234" /><testcase classname="tests.test_calendly_admin.TestCalendlyWebhook" name="test_webhook_unhandled_event" time="0.105" /><testcase classname="tests.test_calendly_admin.TestAdminBookingsAPI" name="test_get_booking_stats" time="0.212" /><testcase classname="tests.test_calendly_admin.TestAdminBookingsAPI" name="test_get_booking_stats_unauthorized" time="0.114" /><testcase classname="tests.test_calendly_admin.TestAdminBookingsAPI" name="test_get_all_bookings" time="0.213" /><testcase classname="tests.test_calendly_admin.TestAdminBookingsAPI" name="test_filter_bookings_by_status_confirmed" time="0.262" /><testcase classname="tests.test_calendly_admin.TestAdminBookingsAPI" name="test_filter_bookings_by_status_canceled" time="0.252" /><testcase classname="tests.test_calendly_admin.TestAdminBookingsAPI" name="test_search_bookings" time="0.204" /><testcase classname="tests.test_calendly_admin.TestCancellationFlow" name="test_full_cancellation_flow" time="1.866" /><testcase classname="tests.test_calendly_admin.TestPublicCalendlyEndpoints" name="test_get_bookings_public" time="0.117" /><testcase classname="tests.test_calendly_admin.TestPublicCalendlyEndpoints" name="test_get_bookings_by_status" time="0.105" /></testsuite></testsuites>